
> ai-road-trip-planner@1.0.0 dev
> next dev

  ▲ Next.js 14.2.35
  - Local:        http://localhost:3000
  - Environments: .env

 ✓ Starting...
 ✓ Ready in 7.1s
 ○ Compiling / ...
 ✓ Compiled / in 5.6s (570 modules)
 GET / 200 in 9214ms
 ○ Compiling /login ...
 ✓ Compiled /login in 3.2s (582 modules)
 ✓ Compiled in 538ms (287 modules)
 ✓ Compiled in 782ms (287 modules)
 ✓ Compiled in 387ms (287 modules)
 ○ Compiling /_error ...
 ✓ Compiled /_error in 2.5s (816 modules)
 ✓ Compiled in 506ms (480 modules)
 ○ Compiling /register ...
 ✓ Compiled /register in 3.3s (822 modules)
 ✓ Compiled in 202ms (482 modules)
 ✓ Compiled in 5.4s (866 modules)
 ✓ Compiled in 185ms (537 modules)
 ✓ Compiled in 1491ms (551 modules)
 ✓ Compiled in 543ms (537 modules)
 ✓ Compiled in 3.1s (1009 modules)
 ✓ Compiled in 1468ms (1009 modules)
 ✓ Compiled in 113ms (537 modules)
 ✓ Compiled in 1595ms (551 modules)
 ✓ Compiled in 91ms (537 modules)
 ✓ Compiled in 1593ms (1009 modules)
 ✓ Compiled in 142ms (537 modules)
