=== TRIP REQUEST RECEIVED ===
origin: Chennai
destination: Mumbai
dates: 2026-06-10 to 2026-06-16
trip_days: 7
budget: 90500.0
preferences: ['scenic']
=== TRIPSTATE BEING BUILT ===
trip_days going into state: 7
TripState trip_days = 7
[BUDGET] raw trip_days from state: 7
[BUDGET] trip_days_input: 7
[BUDGET] FINAL days=7 nights=6
[BUDGET] Hotel: Rs12000/night x 6 nights = Rs72000
[BUDGET] Food: Rs1350.0/person/day x 32 people x 7 days = Rs302400.0
[BUDGET] Cost per person: Rs391698.86 ÷ 32 = Rs12240.59
[BUDGET] === FINAL SUMMARY ===
  Fuel:   Rs11166.93
  Hotel:  Rs72000 (6 nights)
  Food:   Rs302400.0 (7 days)
  Toll:   Rs1606.93
  Misc:   Rs4525.0
  TOTAL:  Rs391698.86
=== RECOMMENDATION AGENT ===
Origin received: 'Chennai'
Destination received: 'Mumbai'
Will fetch recommendations for: 'Mumbai'
DEBUG: coordinates cache cleared
Target city for API calls: 'Mumbai'
DEBUG: fetching recommendations for: Mumbai
OK: Destination: Mumbai
OK: Hotels found: 5
OK: Restaurants found: 5
OK: Attractions found: 5
OK: Destination: Chennai
OK: Hotels found: 5
OK: Restaurants found: 5
OK: Attractions found: 5
OK: Final hotel count: 3
OK: Final hotel count: 3
OK: Final hotel count: 3
INFO:     127.0.0.1:64882 - "POST /api/trip/plan HTTP/1.1" 201 Created
