=== TRIP REQUEST RECEIVED ===
origin: Trichy
destination: Ooty
dates: 2026-06-18 to 2026-06-20
trip_days: 3
budget: 25000.0
preferences: []
=== TRIPSTATE BEING BUILT ===
trip_days going into state: 3
TripState trip_days = 3
[BUDGET] raw trip_days from state: 3
[BUDGET] trip_days_input: 3
[BUDGET] FINAL days=3 nights=2
[BUDGET] Hotel: Rs1800/night x 2 nights = Rs3600
[FOOD] destination=Ooty
[FOOD] is_vegetarian=False
[FOOD] is_budget_restaurant=False
[FOOD] price=Rs420 type=Local restaurants (Non-Veg)
[BUDGET] Food: Rs420.0/person/day x 4 people x 3 days = Rs5040.0
[BUDGET] Cost per person: Rs12020.63 ÷ 4 = Rs3005.16
[BUDGET] === FINAL SUMMARY ===
  Fuel:   Rs1935.09
  Hotel:  Rs3600 (2 nights)
  Food:   Rs5040.0 (3 days)
  Toll:   Rs195.54
  Misc:   Rs1250.0
  TOTAL:  Rs12020.63
=== RECOMMENDATION AGENT ===
Origin received: 'Trichy'
Destination received: 'Ooty'
Will fetch recommendations for: 'Ooty'
DEBUG: coordinates cache cleared
Target city for API calls: 'Ooty'
DEBUG: fetching recommendations for: Ooty
Recommendations for Ooty
Hotels: 7
Restaurants: 8
Attractions: 12
DEBUG search_places: location='Ooty' type='lodging'
DEBUG get_coordinates called with: 'Ooty'
DEBUG search_places: location='Trichy' type='lodging'
DEBUG get_coordinates called with: 'Trichy'
DEBUG geocoded 'Ooty' via OSM -> {'lat': 11.4126769, 'lng': 76.7030504}
DEBUG search_places: using coords lat=11.4126769, lng=76.7030504 for 'Ooty'
DEBUG geocoded 'Trichy' via OSM -> {'lat': 10.8071144, 'lng': 78.6880939}
DEBUG search_places: using coords lat=10.8071144, lng=78.6880939 for 'Trichy'
DEBUG search_places: location='Ooty' type='restaurant'
DEBUG get_coordinates called with: 'Ooty'
DEBUG cache hit for: 'ooty' -> {'lat': 11.4126769, 'lng': 76.7030504}
DEBUG search_places: using coords lat=11.4126769, lng=76.7030504 for 'Ooty'
DEBUG search_places: location='Ooty' type='tourist_attraction'
DEBUG get_coordinates called with: 'Ooty'
DEBUG cache hit for: 'ooty' -> {'lat': 11.4126769, 'lng': 76.7030504}
DEBUG search_places: using coords lat=11.4126769, lng=76.7030504 for 'Ooty'
OK: Destination: Ooty
OK: Hotels found: 0
OK: Restaurants found: 0
OK: Attractions found: 0
[REC] Hotels: 0 found
[REC] Restaurants: 0 found
[REC] Attractions: 0 found
[REC] WARNING: Only 0 hotels found for Ooty. Showing all available.
[REC] WARNING: Only 0 restaurants found for Ooty. Showing all available.
[REC] WARNING: Only 0 attractions found for Ooty. Showing all available.
OK: Final hotel count: 0
[REC] Hotels: 0 found
[REC] Restaurants: 0 found
[REC] Attractions: 0 found
DEBUG search_places: location='Trichy' type='restaurant'
DEBUG get_coordinates called with: 'Trichy'
DEBUG cache hit for: 'trichy' -> {'lat': 10.8071144, 'lng': 78.6880939}
DEBUG search_places: using coords lat=10.8071144, lng=78.6880939 for 'Trichy'
DEBUG search_places: location='Trichy' type='tourist_attraction'
DEBUG get_coordinates called with: 'Trichy'
DEBUG cache hit for: 'trichy' -> {'lat': 10.8071144, 'lng': 78.6880939}
DEBUG search_places: using coords lat=10.8071144, lng=78.6880939 for 'Trichy'
OK: Destination: Trichy
OK: Hotels found: 0
OK: Restaurants found: 0
OK: Attractions found: 0
[REC] Hotels: 0 found
[REC] Restaurants: 0 found
[REC] Attractions: 0 found
[REC] WARNING: Only 0 hotels found for Ooty. Showing all available.
[REC] WARNING: Only 0 restaurants found for Ooty. Showing all available.
[REC] WARNING: Only 0 attractions found for Ooty. Showing all available.
OK: Final hotel count: 0
[REC] Hotels: 0 found
[REC] Restaurants: 0 found
[REC] Attractions: 0 found
OK: Final hotel count: 0
=== ITINERARY AGENT START ===
[ITINERARY] Sightseeing-focused complete!
INFO:     127.0.0.1:49343 - "OPTIONS /api/itinerary/generate HTTP/1.1" 200 OK
INFO:     127.0.0.1:62402 - "OPTIONS /api/itinerary/generate HTTP/1.1" 200 OK
=== ITINERARY AGENT START ===
[ITINERARY] Sightseeing-focused complete!
INFO:     127.0.0.1:49343 - "POST /api/itinerary/generate HTTP/1.1" 200 OK
=== ITINERARY AGENT START ===
[ITINERARY] Sightseeing-focused complete!
INFO:     127.0.0.1:62402 - "POST /api/itinerary/generate HTTP/1.1" 200 OK
=== ITINERARY AGENT START ===
[ITINERARY] Sightseeing-focused complete!
INFO:     127.0.0.1:64128 - "POST /api/itinerary/generate HTTP/1.1" 200 OK
=== ITINERARY AGENT START ===
[ITINERARY] Sightseeing-focused complete!
INFO:     127.0.0.1:50310 - "POST /api/itinerary/generate HTTP/1.1" 200 OK
INFO:     127.0.0.1:57946 - "OPTIONS /api/trip/plan HTTP/1.1" 200 OK
=== TRIP REQUEST RECEIVED ===
origin: Trichy
destination: Goa
dates: 2026-06-18 to 2026-06-23
trip_days: 6
budget: 31500.0
preferences: ['scenic']
=== TRIPSTATE BEING BUILT ===
trip_days going into state: 6
TripState trip_days = 6
[BUDGET] raw trip_days from state: 6
[BUDGET] trip_days_input: 6
[BUDGET] FINAL days=6 nights=5
[BUDGET] Hotel: Rs3000/night x 5 nights = Rs15000
[FOOD] destination=Goa
[FOOD] is_vegetarian=False
[FOOD] is_budget_restaurant=False
[FOOD] price=Rs750 type=Local restaurants (Non-Veg)
[BUDGET] Food: Rs750.0/person/day x 3 people x 6 days = Rs13500.0
[BUDGET] Cost per person: Rs35057.01 ÷ 3 = Rs11685.67
[BUDGET] === FINAL SUMMARY ===
  Fuel:   Rs4406.71
  Hotel:  Rs15000 (5 nights)
  Food:   Rs13500.0 (6 days)
  Toll:   Rs575.3
  Misc:   Rs1575.0
  TOTAL:  Rs35057.01
=== RECOMMENDATION AGENT ===
Origin received: 'Trichy'
Destination received: 'Goa'
Will fetch recommendations for: 'Goa'
DEBUG: coordinates cache cleared
Target city for API calls: 'Goa'
DEBUG: fetching recommendations for: Goa
Recommendations for Goa
Hotels: 7
Restaurants: 8
Attractions: 12
DEBUG search_places: location='Goa' type='lodging'
DEBUG get_coordinates called with: 'Goa'
DEBUG search_places: location='Trichy' type='lodging'
DEBUG get_coordinates called with: 'Trichy'
DEBUG geocoded 'Trichy' via OSM -> {'lat': 10.8071144, 'lng': 78.6880939}
DEBUG search_places: using coords lat=10.8071144, lng=78.6880939 for 'Trichy'
DEBUG search_places: location='Goa' type='restaurant'
DEBUG get_coordinates called with: 'Goa'
DEBUG search_places: location='Trichy' type='restaurant'
DEBUG get_coordinates called with: 'Trichy'
DEBUG cache hit for: 'trichy' -> {'lat': 10.8071144, 'lng': 78.6880939}
DEBUG search_places: using coords lat=10.8071144, lng=78.6880939 for 'Trichy'
DEBUG geocoded 'Goa' via OSM -> {'lat': 15.3004543, 'lng': 74.0855134}
DEBUG search_places: using coords lat=15.3004543, lng=74.0855134 for 'Goa'
DEBUG search_places: location='Goa' type='tourist_attraction'
DEBUG get_coordinates called with: 'Goa'
DEBUG cache hit for: 'goa' -> {'lat': 15.3004543, 'lng': 74.0855134}
DEBUG search_places: using coords lat=15.3004543, lng=74.0855134 for 'Goa'
DEBUG search_places: location='Trichy' type='tourist_attraction'
DEBUG get_coordinates called with: 'Trichy'
DEBUG cache hit for: 'trichy' -> {'lat': 10.8071144, 'lng': 78.6880939}
DEBUG search_places: using coords lat=10.8071144, lng=78.6880939 for 'Trichy'
OK: Destination: Trichy
OK: Hotels found: 0
OK: Restaurants found: 0
OK: Attractions found: 0
[REC] Hotels: 0 found
[REC] Restaurants: 0 found
[REC] Attractions: 0 found
[REC] WARNING: Only 0 hotels found for Goa. Showing all available.
[REC] WARNING: Only 0 restaurants found for Goa. Showing all available.
[REC] WARNING: Only 0 attractions found for Goa. Showing all available.
OK: Final hotel count: 0
[REC] Hotels: 0 found
[REC] Restaurants: 0 found
[REC] Attractions: 0 found
[REC] Braganza House: No photos array
[REC] Chandor Excavated Site: No photos array
[REC] Braganza House West Wing: No photos array
[REC] Fernandes Heritage Home: No photos array
[REC] Braganza House East Wing: No photos array
OK: Destination: Goa
OK: Hotels found: 0
OK: Restaurants found: 0
OK: Attractions found: 5
[REC] Hotels: 0 found
[REC] Restaurants: 0 found
[REC] Attractions: 5 found
[REC] WARNING: Only 0 hotels found for Goa. Showing all available.
[REC] WARNING: Only 0 restaurants found for Goa. Showing all available.
[REC] Braganza House West Wing: No photos array
[REC] Fernandes Heritage Home: No photos array
[REC] Braganza House East Wing: No photos array
[REC] Braganza House: No photos array
[REC] Chandor Excavated Site: No photos array
OK: Final hotel count: 0
[REC] Hotels: 0 found
[REC] Restaurants: 0 found
[REC] Attractions: 5 found
OK: Final hotel count: 0
=== ITINERARY AGENT START ===
[ITINERARY] Sightseeing-focused complete!
INFO:     127.0.0.1:57946 - "POST /api/trip/plan HTTP/1.1" 201 Created
=== ITINERARY AGENT START ===
[ITINERARY] Sightseeing-focused complete!
INFO:     127.0.0.1:50094 - "POST /api/itinerary/generate HTTP/1.1" 200 OK
=== ITINERARY AGENT START ===
[ITINERARY] Sightseeing-focused complete!
INFO:     127.0.0.1:55858 - "POST /api/itinerary/generate HTTP/1.1" 200 OK
