(node:2448) [DEP0060] DeprecationWarning: The `util._extend` API is deprecated. Please use Object.assign() instead.
(Use `node --trace-deprecation ...` to show where the warning was created)

[1m[33mwarn[39m[22m - As of Tailwind CSS v3.3, the `@tailwindcss/line-clamp` plugin is now included by default.
[1m[33mwarn[39m[22m - Remove it from the `plugins` array in your configuration to eliminate this warning.
(node:2448) ExperimentalWarning: Type Stripping is an experimental feature and might change at any time
 ⨯ ./components/budget/BudgetBreakdown.tsx
Error: Failed to read source code from D:\ROOT\Trip planner\frontend\components\budget\BudgetBreakdown.tsx

Caused by:
    The system cannot find the file specified. (os error 2)

Import trace for requested module:
./components/budget/BudgetBreakdown.tsx
./app/page.tsx
 ⨯ ./components/budget/BudgetBreakdown.tsx
Error: Failed to read source code from D:\ROOT\Trip planner\frontend\components\budget\BudgetBreakdown.tsx

Caused by:
    The system cannot find the file specified. (os error 2)

Import trace for requested module:
./components/budget/BudgetBreakdown.tsx
./app/page.tsx
 ⨯ ./components/weather/WeatherPanel.tsx
Error: Failed to read source code from D:\ROOT\Trip planner\frontend\components\weather\WeatherPanel.tsx

Caused by:
    The system cannot find the file specified. (os error 2)

Import trace for requested module:
./components/weather/WeatherPanel.tsx
./app/page.tsx
 ⨯ ./components/weather/WeatherPanel.tsx
Error: Failed to read source code from D:\ROOT\Trip planner\frontend\components\weather\WeatherPanel.tsx

Caused by:
    The system cannot find the file specified. (os error 2)

Import trace for requested module:
./components/weather/WeatherPanel.tsx
./app/page.tsx
 ⨯ ./components/auth/Navbar.tsx
Error: Failed to read source code from D:\ROOT\Trip planner\frontend\components\auth\Navbar.tsx

Caused by:
    The system cannot find the file specified. (os error 2)

Import trace for requested module:
./components/auth/Navbar.tsx
./app/page.tsx
 ⨯ ./components/auth/Navbar.tsx
Error: Failed to read source code from D:\ROOT\Trip planner\frontend\components\auth\Navbar.tsx

Caused by:
    The system cannot find the file specified. (os error 2)

Import trace for requested module:
./components/auth/Navbar.tsx
./app/page.tsx
 ⨯ ./components/budget/BudgetBreakdown.tsx
Error: Failed to read source code from D:\ROOT\Trip planner\frontend\components\budget\BudgetBreakdown.tsx

Caused by:
    The system cannot find the file specified. (os error 2)

Import trace for requested module:
./components/budget/BudgetBreakdown.tsx
./app/page.tsx
 ⨯ ./components/budget/BudgetBreakdown.tsx
Error: Failed to read source code from D:\ROOT\Trip planner\frontend\components\budget\BudgetBreakdown.tsx

Caused by:
    The system cannot find the file specified. (os error 2)

Import trace for requested module:
./components/budget/BudgetBreakdown.tsx
./app/page.tsx
 ⚠ Fast Refresh had to perform a full reload due to a runtime error.
 ⨯ ./components/recommendations/RecommendationCards.tsx
Error: Failed to read source code from D:\ROOT\Trip planner\frontend\components\recommendations\RecommendationCards.tsx

Caused by:
    The system cannot find the file specified. (os error 2)

Import trace for requested module:
./components/recommendations/RecommendationCards.tsx
./app/page.tsx
 ⨯ ./components/recommendations/RecommendationCards.tsx
Error: Failed to read source code from D:\ROOT\Trip planner\frontend\components\recommendations\RecommendationCards.tsx

Caused by:
    The system cannot find the file specified. (os error 2)

Import trace for requested module:
./components/recommendations/RecommendationCards.tsx
./app/page.tsx
