=== TRIP REQUEST RECEIVED ===
origin: Chennai
destination: Mumbai
dates: 2026-06-09 to 2026-06-14
trip_days: 6
budget: 37000.0
preferences: ['scenic', 'budget hotels']
=== TRIPSTATE BEING BUILT ===
trip_days going into state: 6
TripState trip_days = 6
[BUDGET] raw trip_days from state: 6
[BUDGET] trip_days_input: 6
[BUDGET] FINAL days=6 nights=5
[BUDGET] Hotel: Rs1800/night x 5 nights = Rs9000
[BUDGET] Food: Rs900.0/person/day x 4 people x 6 days = Rs21600.0
[BUDGET] Cost per person: Rs38329.34 ÷ 4 = Rs9582.33
[BUDGET] === FINAL SUMMARY ===
  Fuel:   Rs5075.88
  Hotel:  Rs9000 (5 nights)
  Food:   Rs21600.0 (6 days)
  Toll:   Rs803.46
  Misc:   Rs1850.0
  TOTAL:  Rs38329.34
=== RECOMMENDATION AGENT ===
Origin received: 'Chennai'
Destination received: 'Mumbai'
Will fetch recommendations for: 'Mumbai'
DEBUG: coordinates cache cleared
Target city for API calls: 'Mumbai'
DEBUG: fetching recommendations for: Mumbai
OK: Destination: Mumbai
OK: Hotels found: 5
OK: Restaurants found: 5
OK: Attractions found: 5
OK: Final hotel count: 3
OK: Destination: Chennai
OK: Hotels found: 5
OK: Restaurants found: 5
OK: Attractions found: 5
OK: Final hotel count: 3
OK: Final hotel count: 3
INFO:     127.0.0.1:52647 - "POST /api/trip/plan HTTP/1.1" 201 Created
INFO:     127.0.0.1:51082 - "GET /api/map/route?origin=Chennai&destination=Mumbai HTTP/1.1" 200 OK
INFO:     127.0.0.1:57829 - "POST /api/auth/login HTTP/1.1" 200 OK
=== TRIP REQUEST RECEIVED ===
origin: Chennai
destination: Goa
dates: 2026-06-10 to 2026-06-14
trip_days: 5
budget: 30500.0
preferences: ['scenic']
=== TRIPSTATE BEING BUILT ===
trip_days going into state: 5
TripState trip_days = 5
[BUDGET] raw trip_days from state: 5
[BUDGET] trip_days_input: 5
[BUDGET] FINAL days=5 nights=4
[BUDGET] Hotel: Rs3000/night x 4 nights = Rs12000
[BUDGET] Food: Rs750.0/person/day x 4 people x 5 days = Rs15000.0
[BUDGET] Cost per person: Rs33364.87 ÷ 4 = Rs8341.22
[BUDGET] === FINAL SUMMARY ===
  Fuel:   Rs4284.93
  Hotel:  Rs12000 (4 nights)
  Food:   Rs15000.0 (5 days)
  Toll:   Rs554.94
  Misc:   Rs1525.0
  TOTAL:  Rs33364.87
=== RECOMMENDATION AGENT ===
Origin received: 'Chennai'
Destination received: 'Goa'
Will fetch recommendations for: 'Goa'
DEBUG: coordinates cache cleared
Target city for API calls: 'Goa'
DEBUG: fetching recommendations for: Goa
OK: Destination: Goa
OK: Hotels found: 1
OK: Restaurants found: 5
OK: Attractions found: 5
OK: Final hotel count: 1
OK: Destination: Chennai
OK: Hotels found: 5
OK: Restaurants found: 5
OK: Attractions found: 5
OK: Final hotel count: 3
OK: Final hotel count: 1
INFO:     127.0.0.1:51760 - "POST /api/trip/plan HTTP/1.1" 201 Created
INFO:     127.0.0.1:56492 - "GET /api/trip/107/pdf HTTP/1.1" 200 OK
INFO:     127.0.0.1:52525 - "GET /api/trip/107/pdf HTTP/1.1" 200 OK
=== TRIP REQUEST RECEIVED ===
origin: Chennai
destination: Goa
dates: 2026-06-10 to 2026-06-14
trip_days: 5
budget: 33000.0
preferences: ['scenic']
=== TRIPSTATE BEING BUILT ===
trip_days going into state: 5
TripState trip_days = 5
[BUDGET] raw trip_days from state: 5
[BUDGET] trip_days_input: 5
[BUDGET] FINAL days=5 nights=4
[BUDGET] Hotel: Rs3000/night x 4 nights = Rs12000
[BUDGET] Food: Rs750.0/person/day x 5 people x 5 days = Rs18750.0
[BUDGET] Cost per person: Rs37239.87 ÷ 5 = Rs7447.97
[BUDGET] === FINAL SUMMARY ===
  Fuel:   Rs4284.93
  Hotel:  Rs12000 (4 nights)
  Food:   Rs18750.0 (5 days)
  Toll:   Rs554.94
  Misc:   Rs1650.0
  TOTAL:  Rs37239.87
=== RECOMMENDATION AGENT ===
Origin received: 'Chennai'
Destination received: 'Goa'
Will fetch recommendations for: 'Goa'
DEBUG: coordinates cache cleared
Target city for API calls: 'Goa'
DEBUG: fetching recommendations for: Goa
OK: Destination: Goa
OK: Hotels found: 1
OK: Restaurants found: 5
OK: Attractions found: 5
OK: Final hotel count: 1
OK: Destination: Chennai
OK: Hotels found: 5
OK: Restaurants found: 5
OK: Attractions found: 5
OK: Final hotel count: 3
OK: Final hotel count: 1
INFO:     127.0.0.1:62563 - "POST /api/trip/plan HTTP/1.1" 201 Created
INFO:     127.0.0.1:58529 - "GET /api/trip/108/pdf HTTP/1.1" 200 OK
INFO:     127.0.0.1:54631 - "POST /api/trip/plan HTTP/1.1" 422 Unprocessable Content
