INFO:     127.0.0.1:61401 - "GET /health HTTP/1.1" 200 OK
DEBUG: origin=Chennai, destination=Trichy
DEBUG: fetching recommendations for: Trichy
DEBUG get_coordinates: fetching for 'Trichy'
DEBUG get_coordinates: fetching for 'Trichy'
DEBUG get_coordinates: fetching for 'Trichy'
OK: Destination: Trichy
OK: Hotels found: 10
OK: Restaurants found: 10
OK: Attractions found: 9
OK: Final hotel count: 10
OK: Final hotel count: 10
INFO:     127.0.0.1:49736 - "POST /api/trip/plan HTTP/1.1" 500 Internal Server Error
DEBUG: origin=Trichy, destination=Ooty
DEBUG: fetching recommendations for: Ooty
DEBUG get_coordinates: fetching for 'Ooty'
DEBUG get_coordinates: fetching for 'Ooty'
DEBUG get_coordinates: fetching for 'Ooty'
OK: Destination: Ooty
OK: Hotels found: 10
OK: Restaurants found: 10
OK: Attractions found: 10
OK: Final hotel count: 10
OK: Final hotel count: 10
INFO:     127.0.0.1:59379 - "POST /api/trip/plan HTTP/1.1" 500 Internal Server Error
 INFO:     127.0.0.1:51274 - "GET /health HTTP/1.1" 200 OK
 DEBUG: origin=Trichy, destination=Ooty
DEBUG: fetching recommendations for: Ooty
DEBUG get_coordinates: fetching for 'Trichy'
DEBUG get_coordinates: fetching for 'Ooty'
DEBUG get_coordinates: fetching for 'Ooty'
DEBUG get_coordinates: fetching for 'Trichy'
DEBUG get_coordinates: fetching for 'Trichy'
DEBUG get_coordinates: fetching for 'Ooty'
OK: Destination: Ooty
OK: Hotels found: 10
OK: Restaurants found: 10
OK: Attractions found: 9
OK: Destination: Ooty
OK: Hotels found: 10
OK: Restaurants found: 10
OK: Attractions found: 10
OK: Final hotel count: 10
OK: Final hotel count: 10
OK: Final hotel count: 10
 DEBUG: origin=Trichy, destination=Ooty
DEBUG: fetching recommendations for: Ooty
DEBUG get_coordinates: fetching for 'Trichy'
DEBUG get_coordinates: fetching for 'Ooty'
DEBUG get_coordinates: fetching for 'Ooty'
DEBUG get_coordinates: fetching for 'Trichy'
DEBUG get_coordinates: fetching for 'Ooty'
DEBUG get_coordinates: fetching for 'Trichy'
OK: Destination: Ooty
OK: Hotels found: 10
OK: Restaurants found: 10
OK: Attractions found: 9
OK: Destination: Ooty
OK: Hotels found: 10
OK: Restaurants found: 10
OK: Attractions found: 10
OK: Final hotel count: 10
OK: Final hotel count: 10
OK: Final hotel count: 10
 DEBUG: origin=Trichy, destination=Ooty
DEBUG: fetching recommendations for: Ooty
DEBUG get_coordinates: fetching for 'Trichy'
DEBUG get_coordinates: fetching for 'Ooty'
DEBUG get_coordinates: fetching for 'Trichy'
DEBUG get_coordinates: fetching for 'Ooty'
DEBUG get_coordinates: fetching for 'Trichy'
DEBUG get_coordinates: fetching for 'Ooty'
OK: Destination: Ooty
OK: Hotels found: 5
OK: Restaurants found: 5
OK: Attractions found: 5
OK: Destination: Ooty
OK: Hotels found: 5
OK: Restaurants found: 5
OK: Attractions found: 5
OK: Final hotel count: 3
OK: Final hotel count: 3
OK: Final hotel count: 3
INFO:     127.0.0.1:60323 - "POST /api/trip/plan HTTP/1.1" 201 Created
   === RECOMMENDATION AGENT ===
Origin received: 'Trichy'
Destination received: 'Ooty'
Will fetch recommendations for: 'Ooty'
DEBUG: coordinates cache cleared
Target city for API calls: 'Ooty'
DEBUG: fetching recommendations for: Ooty
OK: Destination: Ooty
OK: Hotels found: 5
OK: Restaurants found: 5
OK: Attractions found: 5
OK: Destination: Trichy
OK: Hotels found: 5
OK: Restaurants found: 5
OK: Attractions found: 5
OK: Final hotel count: 3
OK: Final hotel count: 3
OK: Final hotel count: 3
INFO:     127.0.0.1:51348 - "POST /api/trip/plan HTTP/1.1" 201 Created
=== RECOMMENDATION AGENT ===
Origin received: 'Trichy'
Destination received: 'Lalgudi'
Will fetch recommendations for: 'Lalgudi'
DEBUG: coordinates cache cleared
Target city for API calls: 'Lalgudi'
DEBUG: fetching recommendations for: Lalgudi
OK: Destination: Lalgudi
OK: Hotels found: 5
OK: Restaurants found: 5
OK: Attractions found: 5
OK: Destination: Trichy
OK: Hotels found: 5
OK: Restaurants found: 5
OK: Attractions found: 5
OK: Final hotel count: 3
OK: Final hotel count: 3
OK: Final hotel count: 3
INFO:     127.0.0.1:56044 - "POST /api/trip/plan HTTP/1.1" 201 Created
 === RECOMMENDATION AGENT ===
Origin received: 'Trichy'
Destination received: 'Chennai'
Will fetch recommendations for: 'Chennai'
DEBUG: coordinates cache cleared
Target city for API calls: 'Chennai'
DEBUG: fetching recommendations for: Chennai
OK: Destination: Chennai
OK: Hotels found: 5
OK: Restaurants found: 5
OK: Attractions found: 5
OK: Destination: Trichy
OK: Hotels found: 5
OK: Restaurants found: 5
OK: Attractions found: 5
OK: Final hotel count: 3
OK: Final hotel count: 3
OK: Final hotel count: 3
INFO:     127.0.0.1:58915 - "POST /api/trip/plan HTTP/1.1" 201 Created
   === BUDGET AGENT ===
Destination: Trichy
Tier: tier2
Budget: INR 18500.0
Days: 2, Nights: 1
People: 2
Preferences: ['scenic']
Hotel cost: INR 1400
Food cost: INR 1200.0
Toll cost: INR 199.27
=== RECOMMENDATION AGENT ===
Origin received: 'Chennai'
Destination received: 'Trichy'
Will fetch recommendations for: 'Trichy'
DEBUG: coordinates cache cleared
Target city for API calls: 'Trichy'
DEBUG: fetching recommendations for: Trichy
OK: Destination: Trichy
OK: Hotels found: 5
OK: Restaurants found: 5
OK: Attractions found: 5
OK: Destination: Chennai
OK: Hotels found: 5
OK: Restaurants found: 5
OK: Attractions found: 5
OK: Final hotel count: 3
OK: Final hotel count: 3
OK: Final hotel count: 3
INFO:     127.0.0.1:61474 - "POST /api/trip/plan HTTP/1.1" 201 Created
 === BUDGET AGENT ===
Destination: Bangalore
Tier: tier2
Budget: INR 25000.0
Days: 2, Nights: 1
People: 3
Preferences: ['scenic', 'budget hotels']
Hotel cost: INR 1500
Food cost: INR 4500.0
Toll cost: INR 188.61
=== RECOMMENDATION AGENT ===
Origin received: 'Chennai'
Destination received: 'Bangalore'
Will fetch recommendations for: 'Bangalore'
DEBUG: coordinates cache cleared
Target city for API calls: 'Bangalore'
DEBUG: fetching recommendations for: Bangalore
OK: Destination: Bangalore
OK: Hotels found: 5
OK: Restaurants found: 5
OK: Attractions found: 5
OK: Destination: Chennai
OK: Hotels found: 5
OK: Restaurants found: 5
OK: Attractions found: 5
OK: Final hotel count: 3
OK: Final hotel count: 3
OK: Final hotel count: 3
INFO:     127.0.0.1:53483 - "POST /api/trip/plan HTTP/1.1" 201 Created
  DEBUG get_trip_duration input: ''
DEBUG: Could not parse date string
DEBUG BUDGET: dates='None'
DEBUG BUDGET: days=1 nights=1
=== BUDGET AGENT ===
Destination: Ooty
Tier: tier2
Budget: ₹21500.0
Days: 1, Nights: 1
People: 3
Preferences: ['scenic', 'budget hotels']
DEBUG BUDGET: hotel per night=₹800 × 1 nights = ₹800
DEBUG BUDGET: food per day=₹420.0 × 3 people × 1 days = ₹1260.0
DEBUG: hotel breakdown has 1 entries
DEBUG: food breakdown has 1 entries
DEBUG BUDGET TOTAL:
  Fuel:   ₹1314.29
  Hotel:  ₹800
  Food:   ₹1260.0
  Tolls:  ₹149.41
  Misc:   ₹1075.0
  TOTAL:  ₹4598.7
=== RECOMMENDATION AGENT ===
Origin received: 'Trichy'
Destination received: 'Ooty'
Will fetch recommendations for: 'Ooty'
DEBUG: coordinates cache cleared
Target city for API calls: 'Ooty'
DEBUG: fetching recommendations for: Ooty
OK: Destination: Ooty
OK: Hotels found: 5
OK: Restaurants found: 5
OK: Attractions found: 5
OK: Destination: Trichy
OK: Hotels found: 5
OK: Restaurants found: 5
OK: Attractions found: 5
OK: Final hotel count: 3
OK: Final hotel count: 3
OK: Final hotel count: 3
INFO:     127.0.0.1:60013 - "POST /api/trip/plan HTTP/1.1" 201 Created
 DEBUG get_trip_duration input: '2026-06-05 to 2026-06-07'
DEBUG: start=2026-06-05, end=2026-06-07
DEBUG: delta=2 days=3 nights=2
DEBUG BUDGET: dates='{'start': '2026-06-05', 'end': '2026-06-07'}'
DEBUG BUDGET: days=3 nights=2
=== BUDGET AGENT ===
Destination: Ooty
Tier: tier2
Budget: ₹13500.0
Days: 3, Nights: 2
People: 3
Preferences: ['scenic', 'budget hotels']
DEBUG BUDGET: hotel per night=₹800 × 2 nights = ₹1600
DEBUG BUDGET: food per day=₹420.0 × 3 people × 3 days = ₹3780.0
DEBUG: hotel breakdown has 2 entries
DEBUG: food breakdown has 3 entries
DEBUG BUDGET TOTAL:
  Fuel:   ₹2411.0
  Hotel:  ₹1600
  Food:   ₹3780.0
  Tolls:  ₹279.99
  Misc:   ₹675.0
  TOTAL:  ₹8745.99
=== RECOMMENDATION AGENT ===
Origin received: 'Chennai'
Destination received: 'Ooty'
Will fetch recommendations for: 'Ooty'
DEBUG: coordinates cache cleared
Target city for API calls: 'Ooty'
DEBUG: fetching recommendations for: Ooty
OK: Destination: Ooty
OK: Hotels found: 5
OK: Restaurants found: 5
OK: Attractions found: 5
OK: Destination: Chennai
OK: Hotels found: 5
OK: Restaurants found: 5
OK: Attractions found: 5
OK: Final hotel count: 3
OK: Final hotel count: 3
OK: Final hotel count: 3
INFO:     127.0.0.1:54397 - "POST /api/trip/plan HTTP/1.1" 201 Created
    INFO:     127.0.0.1:61870 - "POST /api/auth/login HTTP/1.1" 200 OK
DEBUG duration input: ''
DEBUG: invalid dates string, using default
WARNING: nights=1, dates string was: ''
WARNING: check date format from frontend
DEBUG BUDGET: dates=''
DEBUG BUDGET: days=1 nights=1
=== BUDGET AGENT ===
Destination: Ooty
Tier: tier2
Budget: Rs12000.0
Days: 1, Nights: 1
People: 3
Preferences: ['scenic', 'budget hotels']
FINAL hotel calculation: Rs800 x 1 nights = Rs800
FINAL food calculation: Rs420.0 x 3 people x 1 days = Rs1260.0
DEBUG: hotel breakdown has 1 entries
DEBUG: food breakdown has 1 entries
DEBUG BUDGET TOTAL:
  Fuel:   Rs2411.0
  Hotel:  Rs800
  Food:   Rs1260.0
  Tolls:  Rs279.99
  Misc:   Rs600.0
  TOTAL:  Rs5350.99
=== RECOMMENDATION AGENT ===
Origin received: 'Chennai'
Destination received: 'Ooty'
Will fetch recommendations for: 'Ooty'
DEBUG: coordinates cache cleared
Target city for API calls: 'Ooty'
DEBUG: fetching recommendations for: Ooty
OK: Destination: Ooty
OK: Hotels found: 5
OK: Restaurants found: 5
OK: Attractions found: 5
OK: Destination: Chennai
OK: Hotels found: 5
OK: Restaurants found: 5
OK: Attractions found: 5
OK: Final hotel count: 3
OK: Final hotel count: 3
OK: Final hotel count: 3
INFO:     127.0.0.1:51514 - "POST /api/trip/plan HTTP/1.1" 201 Created
DEBUG duration input: ''
DEBUG: invalid dates string, using default
WARNING: nights=1, dates string was: ''
WARNING: check date format from frontend
DEBUG BUDGET: dates=''
DEBUG BUDGET: days=1 nights=1
=== BUDGET AGENT ===
Destination: Bangalore
Tier: tier2
Budget: Rs17000.0
Days: 1, Nights: 1
People: 3
Preferences: ['scenic', 'budget hotels']
FINAL hotel calculation: Rs1500 x 1 nights = Rs1500
FINAL food calculation: Rs750.0 x 3 people x 1 days = Rs2250.0
DEBUG: hotel breakdown has 1 entries
DEBUG: food breakdown has 1 entries
DEBUG BUDGET TOTAL:
  Fuel:   Rs1456.33
  Hotel:  Rs1500
  Food:   Rs2250.0
  Tolls:  Rs188.61
  Misc:   Rs850.0
  TOTAL:  Rs6244.94
=== RECOMMENDATION AGENT ===
Origin received: 'Chennai'
Destination received: 'Bangalore'
Will fetch recommendations for: 'Bangalore'
DEBUG: coordinates cache cleared
Target city for API calls: 'Bangalore'
DEBUG: fetching recommendations for: Bangalore
OK: Destination: Bangalore
OK: Hotels found: 5
OK: Restaurants found: 5
OK: Attractions found: 5
OK: Destination: Chennai
OK: Hotels found: 5
OK: Restaurants found: 5
OK: Attractions found: 5
OK: Final hotel count: 3
OK: Final hotel count: 3
OK: Final hotel count: 3
INFO:     127.0.0.1:50993 - "POST /api/trip/plan HTTP/1.1" 201 Created
